Removed Pin From Net: NetName=RESET Pin=POWER1-6
Change Component Designator: OldDesignator=IOL1 NewDesignator=IOL
Change component parameters: Designator = "IOH"; Footprint = "Header 10x1 8.5mm"; UniqueID = "\HKXRXILR"
Change component parameters. Clean all parameters for all variants
Change component parameters (AddParameter): Name = "Supplier 1"; Value = "Arrow"; VariantName = "[No Variations]"
Change component parameters (AddParameter): Name = "Supplier 2"; Value = "Digi-Key"; VariantName = "[No Variations]"
Change component parameters (AddParameter): Name = "Supplier 3"; Value = "Arrow"; VariantName = "[No Variations]"
Change component parameters (AddParameter): Name = "Supplier Part Number 1"; Value = "2698803S4475693N1004"; VariantName = "[No Variations]"
Change component parameters (AddParameter): Name = "Supplier Part Number 2"; Value = "SAM1198-10-ND"; VariantName = "[No Variations]"
Change component parameters (AddParameter): Name = "Supplier Part Number 3"; Value = "2698789"; VariantName = "[No Variations]"
Added Pin To Net: NetName=AD0 Pin=AD-1
Added Pin To Net: NetName=AD1 Pin=AD-2
Added Pin To Net: NetName=AD2 Pin=AD-3
Added Pin To Net: NetName=AD3 Pin=AD-4
Added Pin To Net: NetName=AD4 Pin=AD-5
Added Pin To Net: NetName=AD5 Pin=AD-6
Added Pin To Net: NetName=IO8 Pin=IOH-1
Added Pin To Net: NetName=IO9 Pin=IOH-2
Added Pin To Net: NetName=IO10 Pin=IOH-3
Added Pin To Net: NetName=IO11 Pin=IOH-4
Added Pin To Net: NetName=IO12 Pin=IOH-5
Added Pin To Net: NetName=IO13 Pin=IOH-6
Added Pin To Net: NetName=GND Pin=IOH-7
Added Pin To Net: NetName=AREF Pin=IOH-8
Added Pin To Net: NetName=SDA Pin=IOH-9
Added Pin To Net: NetName=SCL Pin=IOH-10
Added Pin To Net: NetName=RESET A Pin=POWER1-6
Added Net: Name=RESET A
Added Member To Class: ClassName=Potncia Member=Component IOH
Added Member To Class: ClassName=Potncia Member=Component IOL
Added Room: Name=Potncia
